<?xml version="1.0" encoding="utf-8"?><testsuites name="pytest tests"><testsuite name="pytest" errors="0" failures="0" skipped="0" tests="20" time="4.220" timestamp="2026-03-15T15:13:59.186226+00:00" hostname="agent-env-75893a01-30e9-47d0-97fe-08ecf9f0a19e"><testcase classname="tests.test_returns.TestReturnableOrders" name="test_list_returnable_orders" time="0.764" /><testcase classname="tests.test_returns.TestReturnableOrders" name="test_returnable_orders_pagination" time="0.103" /><testcase classname="tests.test_returns.TestReturnableOrders" name="test_returnable_orders_search" time="0.196" /><testcase classname="tests.test_returns.TestReturnableItems" name="test_get_returnable_items_success" time="0.209" /><testcase classname="tests.test_returns.TestReturnableItems" name="test_get_returnable_items_nonexistent_order" time="0.091" /><testcase classname="tests.test_returns.TestReturnableItems" name="test_returnable_items_shows_billing_info" time="0.194" /><testcase classname="tests.test_returns.TestBillingAdjustments" name="test_list_billing_adjustments" time="0.095" /><testcase classname="tests.test_returns.TestBillingAdjustments" name="test_filter_by_billing_id" time="0.186" /><testcase classname="tests.test_returns.TestBillingAdjustments" name="test_filter_by_is_credit" time="0.098" /><testcase classname="tests.test_returns.TestBillingEffectiveAmount" name="test_get_billing_effective_amount" time="0.186" /><testcase classname="tests.test_returns.TestBillingEffectiveAmount" name="test_billing_effective_amount_nonexistent" time="0.098" /><testcase classname="tests.test_returns.TestReturnOrders" name="test_list_return_orders" time="0.120" /><testcase classname="tests.test_returns.TestReturnOrders" name="test_return_order_has_correct_type" time="0.109" /><testcase classname="tests.test_returns.TestCreateReturn" name="test_create_return_validates_items" time="0.197" /><testcase classname="tests.test_returns.TestCreateReturn" name="test_create_return_validates_quantity" time="0.302" /><testcase classname="tests.test_returns.TestCreateReturn" name="test_create_return_success" time="0.583" /><testcase classname="tests.test_returns.TestReturnReasons" name="test_list_return_reasons" time="0.109" /><testcase classname="tests.test_returns.TestBillingLogic" name="test_unpaid_order_gets_deduction" time="0.097" /><testcase classname="tests.test_returns.TestBillingLogic" name="test_paid_order_gets_credit" time="0.090" /><testcase classname="tests.test_returns.TestBillingLogic" name="test_original_billing_not_modified" time="0.183" /></testsuite></testsuites>