<?xml version="1.0" encoding="utf-8"?><testsuites name="pytest tests"><testsuite name="pytest" errors="0" failures="0" skipped="1" tests="17" time="6.569" timestamp="2026-03-15T18:00:55.637537+00:00" hostname="agent-env-75893a01-30e9-47d0-97fe-08ecf9f0a19e"><testcase classname="tests.test_billing_payments.TestBillingList" name="test_get_billing_list" time="0.766" /><testcase classname="tests.test_billing_payments.TestBillingList" name="test_billing_response_structure" time="0.164" /><testcase classname="tests.test_billing_payments.TestBillingList" name="test_billing_filter_by_status" time="0.167" /><testcase classname="tests.test_billing_payments.TestBillingDetail" name="test_get_billing_by_id" time="0.312" /><testcase classname="tests.test_billing_payments.TestBillingDetail" name="test_get_nonexistent_billing" time="0.177" /><testcase classname="tests.test_billing_payments.TestPaymentRecording" name="test_record_cash_payment" time="0.370" /><testcase classname="tests.test_billing_payments.TestPaymentRecording" name="test_payment_modes" time="1.102" /><testcase classname="tests.test_billing_payments.TestPaymentRecording" name="test_payment_exceeds_outstanding_rejected" time="0.409" /><testcase classname="tests.test_billing_payments.TestPaymentRecording" name="test_zero_payment_rejected" time="0.375" /><testcase classname="tests.test_billing_payments.TestPaymentHistory" name="test_get_billing_payments" time="0.325" /><testcase classname="tests.test_billing_payments.TestPaymentHistory" name="test_get_billing_summary" time="0.390" /><testcase classname="tests.test_billing_payments.TestPartialPaymentStatus" name="test_status_changes_to_partial" time="0.164"><skipped type="pytest.skip" message="No PENDING billings with outstanding amount">/app/backend/tests/test_billing_payments.py:262: No PENDING billings with outstanding amount</skipped></testcase><testcase classname="tests.test_billing_payments.TestInvoiceGeneration" name="test_generate_invoice_html" time="0.340" /><testcase classname="tests.test_billing_payments.TestInvoiceGeneration" name="test_invoice_contains_payment_history" time="0.489" /><testcase classname="tests.test_billing_payments.TestDashboardStats" name="test_get_today_stats" time="0.176" /><testcase classname="tests.test_billing_payments.TestDashboardStats" name="test_department_billing" time="0.157" /><testcase classname="tests.test_billing_payments.TestBillingImmutability" name="test_payments_create_separate_records" time="0.548" /></testsuite></testsuites>