<?xml version="1.0" encoding="utf-8"?><testsuites name="pytest tests"><testsuite name="pytest" errors="0" failures="0" skipped="0" tests="30" time="9.046" timestamp="2026-03-15T12:10:23.977654+00:00" hostname="agent-env-fc55dfe0-16aa-4e5d-89d3-9241428eacdb"><testcase classname="tests.test_admin_setup.TestAdminSetup" name="test_list_all_departments" time="0.613" /><testcase classname="tests.test_admin_setup.TestAdminSetup" name="test_create_department" time="0.172" /><testcase classname="tests.test_admin_setup.TestAdminSetup" name="test_update_department" time="0.295" /><testcase classname="tests.test_admin_setup.TestAdminSetup" name="test_toggle_department_active" time="0.291" /><testcase classname="tests.test_admin_setup.TestAdminSetup" name="test_list_all_users" time="0.169" /><testcase classname="tests.test_admin_setup.TestAdminSetup" name="test_create_user" time="0.298" /><testcase classname="tests.test_admin_setup.TestAdminSetup" name="test_update_user" time="0.312" /><testcase classname="tests.test_admin_setup.TestAdminSetup" name="test_reset_user_password" time="0.530" /><testcase classname="tests.test_admin_setup.TestAdminSetup" name="test_toggle_user_active" time="0.321" /><testcase classname="tests.test_admin_setup.TestAdminSetup" name="test_list_all_vendors" time="0.141" /><testcase classname="tests.test_admin_setup.TestAdminSetup" name="test_create_vendor" time="0.196" /><testcase classname="tests.test_admin_setup.TestAdminSetup" name="test_update_vendor" time="0.367" /><testcase classname="tests.test_admin_setup.TestAdminSetup" name="test_toggle_vendor_active" time="0.305" /><testcase classname="tests.test_admin_setup.TestAdminSetup" name="test_list_all_items" time="0.198" /><testcase classname="tests.test_admin_setup.TestAdminSetup" name="test_get_csv_template" time="0.113" /><testcase classname="tests.test_admin_setup.TestAdminSetup" name="test_seed_categories" time="0.165" /><testcase classname="tests.test_admin_setup.TestAdminSetup" name="test_create_item" time="0.376" /><testcase classname="tests.test_admin_setup.TestAdminSetup" name="test_update_item" time="0.380" /><testcase classname="tests.test_admin_setup.TestAdminSetup" name="test_toggle_item_active" time="0.370" /><testcase classname="tests.test_admin_setup.TestAdminSetup" name="test_list_assets" time="0.202" /><testcase classname="tests.test_admin_setup.TestAdminSetup" name="test_create_asset" time="0.510" /><testcase classname="tests.test_admin_setup.TestAdminSetup" name="test_update_asset" time="0.345" /><testcase classname="tests.test_admin_setup.TestAdminSetup" name="test_list_all_patients" time="0.142" /><testcase classname="tests.test_admin_setup.TestAdminSetup" name="test_search_patients" time="0.143" /><testcase classname="tests.test_admin_setup.TestAdminSetup" name="test_create_patient" time="0.178" /><testcase classname="tests.test_admin_setup.TestAdminSetup" name="test_update_patient" time="0.360" /><testcase classname="tests.test_admin_setup.TestItemCategories" name="test_list_item_categories" time="0.552" /><testcase classname="tests.test_admin_setup.TestItemCategories" name="test_create_item_category" time="0.202" /><testcase classname="tests.test_admin_setup.TestNonAdminAccess" name="test_non_admin_cannot_list_all_users" time="0.540" /><testcase classname="tests.test_admin_setup.TestNonAdminAccess" name="test_non_admin_cannot_reset_password" time="0.151" /></testsuite></testsuites>