<?xml version="1.0" encoding="utf-8"?><testsuites name="pytest tests"><testsuite name="pytest" errors="0" failures="0" skipped="0" tests="19" time="3.853" timestamp="2026-03-15T13:51:20.061860+00:00" hostname="agent-env-c1a40acb-0eac-48b5-bfce-cfe670406bec"><testcase classname="tests.test_dashboards.TestMainDashboard" name="test_main_dashboard_requires_auth" time="0.242" /><testcase classname="tests.test_dashboards.TestMainDashboard" name="test_main_dashboard_success" time="0.605" /><testcase classname="tests.test_dashboards.TestMainDashboard" name="test_main_dashboard_date_filter" time="0.148" /><testcase classname="tests.test_dashboards.TestMainDashboard" name="test_main_dashboard_department_filter" time="0.356" /><testcase classname="tests.test_dashboards.TestDepartmentWorkload" name="test_department_workload_requires_auth" time="0.099" /><testcase classname="tests.test_dashboards.TestDepartmentWorkload" name="test_department_workload_success" time="0.206" /><testcase classname="tests.test_dashboards.TestPatientDashboard" name="test_patient_dashboard_requires_auth" time="0.111" /><testcase classname="tests.test_dashboards.TestPatientDashboard" name="test_patient_dashboard_success" time="0.146" /><testcase classname="tests.test_dashboards.TestPatientDashboard" name="test_patient_dashboard_search" time="0.276" /><testcase classname="tests.test_dashboards.TestPatientOrders" name="test_patient_orders_requires_auth" time="0.114" /><testcase classname="tests.test_dashboards.TestPatientOrders" name="test_patient_orders_not_found" time="0.137" /><testcase classname="tests.test_dashboards.TestPatientOrders" name="test_patient_orders_success" time="0.286" /><testcase classname="tests.test_dashboards.TestBillingDashboard" name="test_billing_dashboard_requires_auth" time="0.105" /><testcase classname="tests.test_dashboards.TestBillingDashboard" name="test_billing_dashboard_success" time="0.137" /><testcase classname="tests.test_dashboards.TestBillingDashboard" name="test_billing_dashboard_date_range" time="0.132" /><testcase classname="tests.test_dashboards.TestExportEndpoints" name="test_billing_export_csv" time="0.133" /><testcase classname="tests.test_dashboards.TestExportEndpoints" name="test_department_workload_export_csv" time="0.164" /><testcase classname="tests.test_dashboards.TestExportEndpoints" name="test_patient_export_csv" time="0.138" /><testcase classname="tests.test_dashboards.TestExportEndpoints" name="test_export_json_format" time="0.147" /></testsuite></testsuites>