<?xml version="1.0" encoding="utf-8"?><testsuites name="pytest tests"><testsuite name="pytest" errors="0" failures="0" skipped="0" tests="20" time="4.076" timestamp="2026-03-15T13:23:19.748790+00:00" hostname="agent-env-c1a40acb-0eac-48b5-bfce-cfe670406bec"><testcase classname="tests.test_simulation.TestSimulationMetrics" name="test_metrics_requires_auth" time="0.164" /><testcase classname="tests.test_simulation.TestSimulationMetrics" name="test_metrics_success" time="0.613" /><testcase classname="tests.test_simulation.TestSimulationSummary" name="test_summary_requires_auth" time="0.102" /><testcase classname="tests.test_simulation.TestSimulationSummary" name="test_summary_success" time="0.174" /><testcase classname="tests.test_simulation.TestPatientAdmissionScenario" name="test_patient_admission_requires_auth" time="0.118" /><testcase classname="tests.test_simulation.TestPatientAdmissionScenario" name="test_patient_admission_success" time="0.168" /><testcase classname="tests.test_simulation.TestClinicalOrderScenario" name="test_clinical_order_requires_auth" time="0.106" /><testcase classname="tests.test_simulation.TestClinicalOrderScenario" name="test_clinical_order_success" time="0.189" /><testcase classname="tests.test_simulation.TestPharmacyOrderScenario" name="test_pharmacy_order_requires_auth" time="0.120" /><testcase classname="tests.test_simulation.TestPharmacyOrderScenario" name="test_pharmacy_order_success" time="0.204" /><testcase classname="tests.test_simulation.TestPartialDispatchScenario" name="test_partial_dispatch_requires_auth" time="0.124" /><testcase classname="tests.test_simulation.TestPartialDispatchScenario" name="test_partial_dispatch_success" time="0.181" /><testcase classname="tests.test_simulation.TestReturnOrderScenario" name="test_return_order_requires_auth" time="0.110" /><testcase classname="tests.test_simulation.TestReturnOrderScenario" name="test_return_order_success" time="0.168" /><testcase classname="tests.test_simulation.TestRunAllScenarios" name="test_run_all_requires_auth" time="0.096" /><testcase classname="tests.test_simulation.TestRunAllScenarios" name="test_run_all_success" time="0.393" /><testcase classname="tests.test_simulation.TestResetSimulation" name="test_reset_requires_auth" time="0.124" /><testcase classname="tests.test_simulation.TestResetSimulation" name="test_reset_success" time="0.148" /><testcase classname="tests.test_simulation.TestVerifyRealOrders" name="test_simulation_creates_real_orders" time="0.306" /><testcase classname="tests.test_simulation.TestVerifyRealOrders" name="test_simulation_creates_real_patients" time="0.268" /></testsuite></testsuites>