<?xml version="1.0" encoding="utf-8"?><testsuites name="pytest tests"><testsuite name="pytest" errors="0" failures="0" skipped="0" tests="19" time="5.727" timestamp="2026-03-15T12:51:55.451922+00:00" hostname="agent-env-fc55dfe0-16aa-4e5d-89d3-9241428eacdb"><testcase classname="tests.test_data_seeder.TestDataSeeding" name="test_get_seed_status" time="0.655" /><testcase classname="tests.test_data_seeder.TestDataSeeding" name="test_seed_status_requires_auth" time="0.108" /><testcase classname="tests.test_data_seeder.TestDataSeeding" name="test_seed_all_data" time="0.477" /><testcase classname="tests.test_data_seeder.TestDataSeeding" name="test_seed_all_requires_auth" time="0.112" /><testcase classname="tests.test_data_seeder.TestDataSeeding" name="test_seed_departments_only" time="0.128" /><testcase classname="tests.test_data_seeder.TestDataSeeding" name="test_seed_vendors_only" time="0.133" /><testcase classname="tests.test_data_seeder.TestDataSeeding" name="test_seed_categories_only" time="0.135" /><testcase classname="tests.test_data_seeder.TestSeededDataVerification" name="test_verify_seeded_departments" time="0.469" /><testcase classname="tests.test_data_seeder.TestSeededDataVerification" name="test_verify_seeded_vendors" time="0.139" /><testcase classname="tests.test_data_seeder.TestSeededDataVerification" name="test_verify_seeded_items" time="0.155" /><testcase classname="tests.test_data_seeder.TestSeededDataVerification" name="test_verify_seeded_assets" time="0.156" /><testcase classname="tests.test_data_seeder.TestSeededDataVerification" name="test_verify_seeded_users" time="0.129" /><testcase classname="tests.test_data_seeder.TestSeededUserLogin" name="test_login_seeded_ward_doctor" time="0.361" /><testcase classname="tests.test_data_seeder.TestSeededUserLogin" name="test_login_seeded_icu_doctor" time="0.360" /><testcase classname="tests.test_data_seeder.TestSeededUserLogin" name="test_login_seeded_lab_tech" time="0.364" /><testcase classname="tests.test_data_seeder.TestSeededUserLogin" name="test_login_seeded_pharmacist" time="0.357" /><testcase classname="tests.test_data_seeder.TestSeededUserLogin" name="test_login_seeded_store_staff" time="0.377" /><testcase classname="tests.test_data_seeder.TestSeededUserLogin" name="test_seeded_user_access_to_data" time="0.526" /><testcase classname="tests.test_data_seeder.TestDispatchQueueWithSeededData" name="test_dispatch_queue_accessible" time="0.505" /></testsuite></testsuites>