<?xml version="1.0" encoding="utf-8"?><testsuites name="pytest tests"><testsuite name="pytest" errors="0" failures="0" skipped="2" tests="25" time="5.724" timestamp="2026-03-15T18:15:35.551691+00:00" hostname="agent-env-75893a01-30e9-47d0-97fe-08ecf9f0a19e"><testcase classname="tests.test_deployment_hardening.TestSystemLogs" name="test_list_system_logs" time="0.767" /><testcase classname="tests.test_deployment_hardening.TestSystemLogs" name="test_list_system_logs_with_level_filter" time="0.171" /><testcase classname="tests.test_deployment_hardening.TestSystemLogs" name="test_list_system_logs_with_type_filter" time="0.169" /><testcase classname="tests.test_deployment_hardening.TestSystemLogs" name="test_get_system_log_stats" time="0.178" /><testcase classname="tests.test_deployment_hardening.TestSystemLogs" name="test_system_logs_require_auth" time="0.168" /><testcase classname="tests.test_deployment_hardening.TestActivityLogs" name="test_list_activity_logs" time="0.163" /><testcase classname="tests.test_deployment_hardening.TestActivityLogs" name="test_list_activity_logs_with_action_filter" time="0.171" /><testcase classname="tests.test_deployment_hardening.TestActivityLogs" name="test_list_activity_logs_with_entity_filter" time="0.157" /><testcase classname="tests.test_deployment_hardening.TestActivityLogs" name="test_get_activity_log_stats" time="0.200" /><testcase classname="tests.test_deployment_hardening.TestActivityLogs" name="test_activity_logs_require_auth" time="0.157" /><testcase classname="tests.test_deployment_hardening.TestSystemHealth" name="test_get_health_summary" time="0.177" /><testcase classname="tests.test_deployment_hardening.TestSystemHealth" name="test_get_detailed_health" time="0.205" /><testcase classname="tests.test_deployment_hardening.TestSystemHealth" name="test_health_summary_require_auth" time="0.164" /><testcase classname="tests.test_deployment_hardening.TestBackupSystem" name="test_get_backup_status" time="0.156" /><testcase classname="tests.test_deployment_hardening.TestBackupSystem" name="test_list_backups" time="0.190" /><testcase classname="tests.test_deployment_hardening.TestBackupSystem" name="test_create_backup" time="0.306" /><testcase classname="tests.test_deployment_hardening.TestBackupSystem" name="test_backup_endpoints_require_auth" time="0.503" /><testcase classname="tests.test_deployment_hardening.TestStressTest" name="test_get_stress_test_history" time="0.167" /><testcase classname="tests.test_deployment_hardening.TestStressTest" name="test_get_stress_test_status_existing" time="0.167"><skipped type="pytest.skip" message="No stress tests available">/app/backend/tests/test_deployment_hardening.py:393: No stress tests available</skipped></testcase><testcase classname="tests.test_deployment_hardening.TestStressTest" name="test_get_stress_test_status_not_found" time="0.241" /><testcase classname="tests.test_deployment_hardening.TestStressTest" name="test_get_stress_test_results_existing" time="0.172"><skipped type="pytest.skip" message="No completed stress tests available">/app/backend/tests/test_deployment_hardening.py:437: No completed stress tests available</skipped></testcase><testcase classname="tests.test_deployment_hardening.TestStressTest" name="test_stress_test_levels_validation" time="0.182" /><testcase classname="tests.test_deployment_hardening.TestStressTest" name="test_stress_test_endpoints_require_auth" time="0.349" /><testcase classname="tests.test_deployment_hardening.TestErrorLogging" name="test_404_errors_handled" time="0.137" /><testcase classname="tests.test_deployment_hardening.TestErrorLogging" name="test_auth_errors_logged" time="0.154" /></testsuite></testsuites>